f:\研究生\计算机图形学\work\pa0\wk1\x64\debug\vc142.pdb
f:\研究生\计算机图形学\work\pa0\wk1\x64\debug\vc142.idb
f:\研究生\计算机图形学\work\pa0\wk1\x64\debug\triangle.obj
f:\研究生\计算机图形学\work\pa0\wk1\x64\debug\rasterizer.obj
f:\研究生\计算机图形学\work\pa0\wk1\x64\debug\main.obj
f:\研究生\计算机图形学\work\pa0\pa0\x64\debug\wk1.exe
f:\研究生\计算机图形学\work\pa0\wk1\x64\debug\wk1.ilk
f:\研究生\计算机图形学\work\pa0\pa0\x64\debug\wk1.pdb
f:\研究生\计算机图形学\work\pa0\pa0\x64\debug\opencv_core4d.dll
f:\研究生\计算机图形学\work\pa0\pa0\x64\debug\zlibd1.dll
f:\研究生\计算机图形学\work\pa0\pa0\x64\debug\opencv_highgui4d.dll
f:\研究生\计算机图形学\work\pa0\pa0\x64\debug\opencv_videoio4d.dll
f:\研究生\计算机图形学\work\pa0\pa0\x64\debug\opencv_imgcodecs4d.dll
f:\研究生\计算机图形学\work\pa0\pa0\x64\debug\opencv_imgproc4d.dll
f:\研究生\计算机图形学\work\pa0\pa0\x64\debug\jpeg62.dll
f:\研究生\计算机图形学\work\pa0\pa0\x64\debug\webpdecoder.dll
f:\研究生\计算机图形学\work\pa0\pa0\x64\debug\webp.dll
f:\研究生\计算机图形学\work\pa0\pa0\x64\debug\libpng16d.dll
f:\研究生\计算机图形学\work\pa0\pa0\x64\debug\tiffd.dll
f:\研究生\计算机图形学\work\pa0\pa0\x64\debug\liblzma.dll
f:\研究生\计算机图形学\work\pa0\wk1\x64\debug\wk1.tlog\cl.command.1.tlog
f:\研究生\计算机图形学\work\pa0\wk1\x64\debug\wk1.tlog\cl.read.1.tlog
f:\研究生\计算机图形学\work\pa0\wk1\x64\debug\wk1.tlog\cl.write.1.tlog
f:\研究生\计算机图形学\work\pa0\wk1\x64\debug\wk1.tlog\link.command.1.tlog
f:\研究生\计算机图形学\work\pa0\wk1\x64\debug\wk1.tlog\link.read.1.tlog
f:\研究生\计算机图形学\work\pa0\wk1\x64\debug\wk1.tlog\link.write.1.tlog
f:\研究生\计算机图形学\work\pa0\wk1\x64\debug\wk1.tlog\wk1.write.1u.tlog
