  main.cpp
F:\master\compute graphics\work\Hw4\code\main.cpp(29,44): warning C4244: “参数”: 从“_Tp”转换到“int”，可能丢失数据
          with
          [
              _Tp=float
          ]
F:\master\compute graphics\work\Hw4\code\main.cpp(29,35): warning C4244: “参数”: 从“_Tp”转换到“int”，可能丢失数据
          with
          [
              _Tp=float
          ]
F:\master\compute graphics\work\Hw4\code\main.cpp(52,43): warning C4305: “+=”: 从“double”到“float”截断
F:\master\compute graphics\work\Hw4\code\main.cpp(54,44): warning C4244: “参数”: 从“_Tp”转换到“int”，可能丢失数据
          with
          [
              _Tp=float
          ]
F:\master\compute graphics\work\Hw4\code\main.cpp(54,35): warning C4244: “参数”: 从“_Tp”转换到“int”，可能丢失数据
          with
          [
              _Tp=float
          ]
F:\master\compute graphics\work\Hw4\code\main.cpp(62,43): warning C4305: “+=”: 从“double”到“float”截断
F:\master\compute graphics\work\Hw4\code\main.cpp(65,44): warning C4244: “参数”: 从“_Tp”转换到“int”，可能丢失数据
          with
          [
              _Tp=float
          ]
F:\master\compute graphics\work\Hw4\code\main.cpp(65,35): warning C4244: “参数”: 从“_Tp”转换到“int”，可能丢失数据
          with
          [
              _Tp=float
          ]
F:\master\compute graphics\work\Hw4\code\main.cpp(66,15): warning C4244: “初始化”: 从“_Tp”转换到“int”，可能丢失数据
          with
          [
              _Tp=float
          ]
F:\master\compute graphics\work\Hw4\code\main.cpp(66,28): warning C4244: “初始化”: 从“_Tp”转换到“int”，可能丢失数据
          with
          [
              _Tp=float
          ]
F:\master\compute graphics\work\Hw4\code\main.cpp(74,60): warning C4244: “参数”: 从“_Tp”转换到“int”，可能丢失数据
          with
          [
              _Tp=float
          ]
F:\master\compute graphics\work\Hw4\code\main.cpp(74,46): warning C4244: “参数”: 从“_Tp”转换到“int”，可能丢失数据
          with
          [
              _Tp=float
          ]
F:\master\compute graphics\work\Hw4\code\main.cpp(74,124): warning C4244: “参数”: 从“_Tp”转换到“int”，可能丢失数据
          with
          [
              _Tp=float
          ]
F:\master\compute graphics\work\Hw4\code\main.cpp(74,110): warning C4244: “参数”: 从“_Tp”转换到“int”，可能丢失数据
          with
          [
              _Tp=float
          ]
F:\master\compute graphics\work\Hw4\code\main.cpp(74,80): warning C4244: “=”: 从“double”转换到“_Tp”，可能丢失数据
          with
          [
              _Tp=uchar
          ]
D:\Program Files (x86)\Microsoft Visual Studio\2019\Community\VC\Tools\MSVC\14.29.30133\include\xmemory(714,68): warning C4244: “参数”: 从“int”转换到“_Tp”，可能丢失数据
          with
          [
              _Tp=float
          ]
D:\Program Files (x86)\Microsoft Visual Studio\2019\Community\VC\Tools\MSVC\14.29.30133\include\vector(721): message : 查看对正在编译的函数 模板 实例化“void std::_Default_allocator_traits<_Alloc>::construct<_Ty,int&,int&>(_Alloc &,_Objty *const ,int &,int &)”的引用
          with
          [
              _Alloc=std::allocator<cv::Point2f>,
              _Ty=cv::Point_<float>,
              _Objty=cv::Point_<float>
          ]
D:\Program Files (x86)\Microsoft Visual Studio\2019\Community\VC\Tools\MSVC\14.29.30133\include\vector(726): message : 查看对正在编译的函数 模板 实例化“void std::_Default_allocator_traits<_Alloc>::construct<_Ty,int&,int&>(_Alloc &,_Objty *const ,int &,int &)”的引用
          with
          [
              _Alloc=std::allocator<cv::Point2f>,
              _Ty=cv::Point_<float>,
              _Objty=cv::Point_<float>
          ]
D:\Program Files (x86)\Microsoft Visual Studio\2019\Community\VC\Tools\MSVC\14.29.30133\include\vector(739): message : 查看对正在编译的函数 模板 实例化“void std::vector<cv::Point2f,std::allocator<cv::Point2f>>::_Emplace_back_with_unused_capacity<int&,int&>(int &,int &)”的引用
F:\master\compute graphics\work\Hw4\code\main.cpp(13): message : 查看对正在编译的函数 模板 实例化“void std::vector<cv::Point2f,std::allocator<cv::Point2f>>::emplace_back<int&,int&>(int &,int &)”的引用
  wk4.vcxproj -> F:\master\compute graphics\work\pa0\pa0\x64\Debug\wk4.exe
